fatal: cannot lock ref 'HEAD': is at cca41baee377ddacb89760fc8de2803c4ea671c2 but expected 20d288bcbea235ebbd013f303fab3570bf4d6ec7
failed to store: -61
To https://github.com/tylerhennessy96-lgtm/hammersmithbridge.git
   20d288b..cca41ba  main -> main
[main d47b319] Auto-update: 2026-02-28 20:00
 2 files changed, 4 insertions(+), 1 deletion(-)
failed to store: -61
To https://github.com/tylerhennessy96-lgtm/hammersmithbridge.git
   cca41ba..d47b319  main -> main
fatal: Unable to create '/Users/tylerhennessy/hammersmithbridge/.git/index.lock': File exists.

Another git process seems to be running in this repository, e.g.
an editor opened by 'git commit'. Please make sure all processes
are terminated then try again. If it still fails, a git process
may have crashed in this repository earlier:
remove the file manually to continue.
fatal: Unable to create '/Users/tylerhennessy/hammersmithbridge/.git/index.lock': File exists.

Another git process seems to be running in this repository, e.g.
an editor opened by 'git commit'. Please make sure all processes
are terminated then try again. If it still fails, a git process
may have crashed in this repository earlier:
remove the file manually to continue.
failed to store: -61
To https://github.com/tylerhennessy96-lgtm/hammersmithbridge.git
   d47b319..cc07826  main -> main
[main 0aa1db9] Auto-update: 2026-03-01 10:00
 2 files changed, 11 insertions(+)
failed to store: -61
To https://github.com/tylerhennessy96-lgtm/hammersmithbridge.git
   cc07826..0aa1db9  main -> main
[main 11b0cd4] Auto-update: 2026-03-02 10:00
 3 files changed, 1739 insertions(+), 24 deletions(-)
 create mode 100644 mobile-preview.html
failed to store: -61
To https://github.com/tylerhennessy96-lgtm/hammersmithbridge.git
   0aa1db9..11b0cd4  main -> main
[main 1086985] Auto-update: 2026-03-03 10:00
 1 file changed, 6 insertions(+)
failed to store: -61
To https://github.com/tylerhennessy96-lgtm/hammersmithbridge.git
   11b0cd4..1086985  main -> main
[main 093fb3b] Auto-update: 2026-03-04 10:00
 1 file changed, 5 insertions(+)
failed to store: -61
To https://github.com/tylerhennessy96-lgtm/hammersmithbridge.git
   1086985..093fb3b  main -> main
[main ccaa600] Auto-update: 2026-03-05 10:00
 1 file changed, 5 insertions(+)
failed to store: -61
To https://github.com/tylerhennessy96-lgtm/hammersmithbridge.git
   093fb3b..ccaa600  main -> main
